Name: 广东珠江, URL: https://skype.serv00.net/itouch.php?id=gdzj$1920x1080, Date: None, Resolution: 1920x1080, Response Time: 375 ms
Name: 广东珠江, URL: http://mom.cloudns.be:9901/tsfile/live/1007_1.m3u8?key=txiptv&playlive=1&authid=0$720x576, Date: None, Resolution: 720x576, Response Time: 375 ms
Name: 广东珠江, URL: http://mom.cloudns.be:9901/tsfile/live/1007_1.m3u8?key=txiptv&playlive=1&authid=0$720x576, Date: None, Resolution: 720x576, Response Time: 375 ms
Name: 广东体育, URL: https://skype.serv00.net/itouch.php?id=gdty$1920x1080, Date: None, Resolution: 1920x1080, Response Time: 375 ms
Name: 广东新闻, URL: https://skype.serv00.net/itouch.php?id=gdxw$1920x1080, Date: None, Resolution: 1920x1080, Response Time: 375 ms
Name: 广东新闻, URL: http://mom.cloudns.be:9901/tsfile/live/1008_1.m3u8?key=txiptv&playlive=1&authid=0$720x576, Date: None, Resolution: 720x576, Response Time: 375 ms
Name: 广东新闻, URL: http://mom.cloudns.be:9901/tsfile/live/1008_1.m3u8?key=txiptv&playlive=1&authid=0$720x576, Date: None, Resolution: 720x576, Response Time: 375 ms
Name: 大湾区卫视, URL: https://skype.serv00.net/itouch.php?id=nfws$1920x1080, Date: None, Resolution: 1920x1080, Response Time: 375 ms
Name: 新会综合, URL: https://skype.serv00.net/itouch.php?id=xhzh$1920x1080, Date: None, Resolution: 1920x1080, Response Time: 375 ms
Name: 鹤山综合, URL: https://skype.serv00.net/itouch.php?id=hszh$1920x1080, Date: None, Resolution: 1920x1080, Response Time: 375 ms
Name: 深圳卫视, URL: http://mom.cloudns.be:9901/tsfile/live/0126_1.m3u8?key=txiptv&playlive=1&authid=0$1920x1080, Date: None, Resolution: 1920x1080, Response Time: 375 ms
Name: CCTV-1, URL: http://123.146.162.24:8013/tslslive/noEX9SG/hls/live_sd.m3u8$720x576, Date: None, Resolution: 720x576, Response Time: 375 ms
Name: CCTV-9, URL: http://nas.hssvm.com:8888/udp/225.1.1.119:5002$1920x1080, Date: None, Resolution: 1920x1080, Response Time: 130 ms
Name: CCTV-11, URL: https://cd-live-stream.news.cctvplus.com/live/smil:CHANNEL1.smil/playlist.m3u8$426x240, Date: None, Resolution: 426x240, Response Time: 375 ms
Name: 浙江卫视, URL: http://mom.cloudns.be:9901/tsfile/live/0016_1.m3u8?key=txiptv&playlive=1&authid=0$1920x1080, Date: None, Resolution: 1920x1080, Response Time: 375 ms
Name: 浙江卫视, URL: https://ali-m-l.cztv.com/channels/lantian/channel001/1080p.m3u8$1920x1080, Date: None, Resolution: 1920x1080, Response Time: 375 ms
Name: 湖南卫视, URL: http://mom.cloudns.be:9901/tsfile/live/0128_1.m3u8?key=txiptv&playlive=1&authid=0$1920x1080, Date: None, Resolution: 1920x1080, Response Time: 375 ms
Name: 北京卫视, URL: http://mom.cloudns.be:9901/tsfile/live/38725_1.m3u8?key=txiptv&playlive=1&authid=0$1920x1080, Date: None, Resolution: 1920x1080, Response Time: 375 ms
Name: 湖北卫视, URL: http://mom.cloudns.be:9901/tsfile/live/38726_1.m3u8?key=txiptv&playlive=1&authid=0$1920x1080, Date: None, Resolution: 1920x1080, Response Time: 375 ms
Name: 黑龙江卫视, URL: http://mom.cloudns.be:9901/tsfile/live/0019_1.m3u8?key=txiptv&playlive=1&authid=0$1920x1080, Date: None, Resolution: 1920x1080, Response Time: 375 ms
Name: 黑龙江卫视, URL: http://l.cztvcloud.com/channels/lantian/SXyuyao3/720p.m3u8$720x576, Date: None, Resolution: 720x576, Response Time: 375 ms
Name: 安徽卫视, URL: http://mom.cloudns.be:9901/tsfile/live/0130_1.m3u8?key=txiptv&playlive=1&authid=0$1920x1080, Date: None, Resolution: 1920x1080, Response Time: 375 ms
Name: 重庆卫视, URL: http://mom.cloudns.be:9901/tsfile/live/0142_1.m3u8?key=txiptv&playlive=1&authid=0$1920x1080, Date: None, Resolution: 1920x1080, Response Time: 375 ms
Name: 甘肃卫视, URL: http://mom.cloudns.be:9901/tsfile/live/0141_1.m3u8?key=txiptv&playlive=1&authid=0$1920x1080, Date: None, Resolution: 1920x1080, Response Time: 355 ms
Name: 广西卫视, URL: http://mom.cloudns.be:9901/tsfile/live/0113_1.m3u8?key=txiptv&playlive=1&authid=0$1920x1080, Date: None, Resolution: 1920x1080, Response Time: 358 ms
Name: 贵州卫视, URL: http://mom.cloudns.be:9901/tsfile/live/0120_1.m3u8?key=txiptv&playlive=1&authid=0$1920x1080, Date: None, Resolution: 1920x1080, Response Time: 375 ms
Name: 河北卫视, URL: http://mom.cloudns.be:9901/tsfile/live/0117_1.m3u8?key=txiptv&playlive=1&authid=0$1920x1080, Date: None, Resolution: 1920x1080, Response Time: 375 ms
Name: 河南卫视, URL: http://mom.cloudns.be:9901/tsfile/live/0139_1.m3u8?key=txiptv&playlive=1&authid=0$1920x1080, Date: None, Resolution: 1920x1080, Response Time: 375 ms
Name: 吉林卫视, URL: http://mom.cloudns.be:9901/tsfile/live/0017_1.m3u8?key=txiptv&playlive=1&authid=0$1920x1080, Date: None, Resolution: 1920x1080, Response Time: 375 ms
Name: 吉林卫视, URL: https://pulltv1.wanfudaluye.com/live/tv1.m3u8$1280x720, Date: None, Resolution: 1280x720, Response Time: 450 ms
Name: 江苏卫视, URL: http://mom.cloudns.be:9901/tsfile/live/0135_2.m3u8?key=txiptv&playlive=1&authid=0$1920x1080, Date: None, Resolution: 1920x1080, Response Time: 375 ms
Name: 江西卫视, URL: http://mom.cloudns.be:9901/tsfile/live/0138_1.m3u8?key=txiptv&playlive=1&authid=0$1920x1080, Date: None, Resolution: 1920x1080, Response Time: 375 ms
Name: 辽宁卫视, URL: http://mom.cloudns.be:9901/tsfile/live/0018_1.m3u8?key=txiptv&playlive=1&authid=0$1920x1080, Date: None, Resolution: 1920x1080, Response Time: 375 ms
Name: 内蒙古卫视, URL: http://mom.cloudns.be:9901/tsfile/live/0109_1.m3u8?key=txiptv&playlive=1&authid=0$720x576, Date: None, Resolution: 720x576, Response Time: 375 ms
Name: 内蒙古卫视, URL: http://mom.cloudns.be:9901/tsfile/live/0109_1.m3u8?key=txiptv&playlive=1&authid=0$720x576, Date: None, Resolution: 720x576, Response Time: 375 ms
Name: 青海卫视, URL: http://mom.cloudns.be:9901/tsfile/live/0140_1.m3u8?key=txiptv&playlive=1&authid=0$720x576, Date: None, Resolution: 720x576, Response Time: 375 ms
Name: 青海卫视, URL: http://mom.cloudns.be:9901/tsfile/live/0140_1.m3u8?key=txiptv&playlive=1&authid=0$720x576, Date: None, Resolution: 720x576, Response Time: 375 ms
Name: 山东卫视, URL: http://mom.cloudns.be:9901/tsfile/live/0131_1.m3u8?key=txiptv&playlive=1&authid=0$1920x1080, Date: None, Resolution: 1920x1080, Response Time: 367 ms
Name: 山西卫视, URL: http://mom.cloudns.be:9901/tsfile/live/0118_1.m3u8?key=txiptv&playlive=1&authid=0$720x576, Date: None, Resolution: 720x576, Response Time: 375 ms
Name: 山西卫视, URL: http://mom.cloudns.be:9901/tsfile/live/0118_1.m3u8?key=txiptv&playlive=1&authid=0$720x576, Date: None, Resolution: 720x576, Response Time: 375 ms
Name: 陕西卫视, URL: http://mom.cloudns.be:9901/tsfile/live/0136_1.m3u8?key=txiptv&playlive=1&authid=0$720x576, Date: None, Resolution: 720x576, Response Time: 375 ms
Name: 陕西卫视, URL: http://mom.cloudns.be:9901/tsfile/live/0136_1.m3u8?key=txiptv&playlive=1&authid=0$720x576, Date: None, Resolution: 720x576, Response Time: 375 ms
Name: 四川卫视, URL: http://mom.cloudns.be:9901/tsfile/live/0123_1.m3u8?key=txiptv&playlive=1&authid=0$1920x1080, Date: None, Resolution: 1920x1080, Response Time: 375 ms
Name: 深圳卫视, URL: http://mom.cloudns.be:9901/tsfile/live/0126_1.m3u8?key=txiptv&playlive=1&authid=0$1920x1080, Date: None, Resolution: 1920x1080, Response Time: 375 ms
Name: 天津卫视, URL: http://mom.cloudns.be:9901/tsfile/live/0135_1.m3u8?key=txiptv&playlive=1&authid=0$1920x1080, Date: None, Resolution: 1920x1080, Response Time: 375 ms
Name: 西藏卫视, URL: http://php.jdshipin.com:8880/xztv.php?id=ws$1920x1080, Date: None, Resolution: 1920x1080, Response Time: 300 ms
Name: 西藏卫视, URL: http://mom.cloudns.be:9901/tsfile/live/0132_1.m3u8?key=txiptv&playlive=1&authid=0$720x576, Date: None, Resolution: 720x576, Response Time: 375 ms
Name: 西藏卫视, URL: http://mom.cloudns.be:9901/tsfile/live/0132_1.m3u8?key=txiptv&playlive=1&authid=0$720x576, Date: None, Resolution: 720x576, Response Time: 375 ms
Name: 云南卫视, URL: http://mom.cloudns.be:9901/tsfile/live/0119_1.m3u8?key=txiptv&playlive=1&authid=0$1920x1080, Date: None, Resolution: 1920x1080, Response Time: 375 ms
Name: 翡翠台, URL: http://php.jdshipin.com:8880/smt.php?id=jade_twn$1920x1080, Date: None, Resolution: 1920x1080, Response Time: 375 ms
Name: 翡翠台, URL: http://php.jdshipin.com:8880/TVOD/iptv.php?id=fct$1920x1080, Date: None, Resolution: 1920x1080, Response Time: 375 ms
Name: 凤凰中文, URL: https://k44991.kylintv.tv/live/pxna_iphone.m3u8$1280x720, Date: None, Resolution: 1280x720, Response Time: 375 ms
Name: 凤凰中文, URL: http://pi.0472.org/tv/cbn.php?id=xfjcHD$1280x720, Date: None, Resolution: 1280x720, Response Time: 375 ms
Name: 凤凰中文, URL: https://k44991.kylintv.tv/live/pxna_iphone.m3u8$1280x720, Date: None, Resolution: 1280x720, Response Time: 375 ms
Name: 凤凰资讯, URL: http://php.jdshipin.com:8880/TVOD/iptv.php?id=fhzx$1920x1080, Date: None, Resolution: 1920x1080, Response Time: 450 ms
Name: 凤凰资讯, URL: http://php.jdshipin.com:8880/TVOD/iptv.php?id=fhzx$1920x1080, Date: None, Resolution: 1920x1080, Response Time: 450 ms
Name: 凤凰资讯, URL: https://k44991.kylintv.tv/live/pxinhd_iphone.m3u8$1280x720, Date: None, Resolution: 1280x720, Response Time: 375 ms
Name: 凤凰资讯, URL: http://61.221.215.25:8800/hls/47/index.m3u8$1280x720, Date: None, Resolution: 1280x720, Response Time: 375 ms
Name: 凤凰资讯, URL: https://k44991.kylintv.tv/live/pxinhd_iphone.m3u8$1280x720, Date: None, Resolution: 1280x720, Response Time: 375 ms
Name: 凤凰香港, URL: http://php.jdshipin.com:8880/TVOD/iptv.php?id=fhhk$1280x720, Date: None, Resolution: 1280x720, Response Time: 375 ms
Name: TVBS亚洲, URL: http://d2e1asnsl7br7b.cloudfront.net/7782e205e72f43aeb4a48ec97f66ebbe/index_5.m3u8?zshijd$1920x1080, Date: None, Resolution: 1920x1080, Response Time: 375 ms
Name: TVBS亚洲, URL: http://38.64.72.148/hls/modn/list/4005/playlist.m3u8$1920x1080, Date: None, Resolution: 1920x1080, Response Time: 450 ms
Name: TVBS亚洲, URL: http://38.64.72.148/hls/modn/list/4005/chunklist1.m3u8?$1920x1080, Date: None, Resolution: 1920x1080, Response Time: 450 ms
Name: TVBS亚洲, URL: http://38.64.72.148:80/hls/modn/list/4005/chunklist1.m3u8$1920x1080, Date: None, Resolution: 1920x1080, Response Time: 450 ms
Name: TVBS亚洲, URL: http://38.64.72.148:80/hls/modn/list/4005/playlist.m3u8$1920x1080, Date: None, Resolution: 1920x1080, Response Time: 450 ms
Name: TVBS亚洲, URL: http://38.64.72.148/hls/modn/list/4005/chunklist0.m3u8$1920x1080, Date: None, Resolution: 1920x1080, Response Time: 450 ms
Name: TVBS亚洲, URL: http://38.64.72.148/hls/modn/list/4005/chunklist1.m3u8$1920x1080, Date: None, Resolution: 1920x1080, Response Time: 450 ms
Name: TVBS亚洲, URL: http://38.64.72.148:80/hls/modn/list/4005/chunklist0.m3u8$1920x1080, Date: None, Resolution: 1920x1080, Response Time: 450 ms
Name: TVBS亚洲, URL: http://38.64.72.148:80/hls/modn/list/4005/playlist.m3u8?$1920x1080, Date: None, Resolution: 1920x1080, Response Time: 450 ms
